[debug] [2026-01-29T15:58:13.929Z] ----------------------------------------------------------------------
[debug] [2026-01-29T15:58:13.934Z] Command:       /Users/claytonwingfield/.nvm/versions/node/v22.16.0/bin/node /Users/claytonwingfield/.nvm/versions/node/v22.16.0/bin/firebase deploy
[debug] [2026-01-29T15:58:13.934Z] CLI Version:   15.4.0
[debug] [2026-01-29T15:58:13.934Z] Platform:      darwin
[debug] [2026-01-29T15:58:13.934Z] Node Version:  v22.16.0
[debug] [2026-01-29T15:58:13.935Z] Time:          Thu Jan 29 2026 09:58:13 GMT-0600 (Central Standard Time)
[debug] [2026-01-29T15:58:13.935Z] ----------------------------------------------------------------------
[debug] 
[debug] [2026-01-29T15:58:16.005Z] > command requires scopes: ["email","openid","https://www.googleapis.com/auth/cloudplatformprojects.readonly","https://www.googleapis.com/auth/firebase","https://www.googleapis.com/auth/cloud-platform"]
[debug] [2026-01-29T15:58:16.006Z] > authorizing via signed-in user (claytonw12345@gmail.com)
[debug] [2026-01-29T15:58:16.006Z] [iam] checking project devicefield-web for permissions ["firebase.projects.get","firebasehosting.sites.update"]
[debug] [2026-01-29T15:58:16.006Z] Checked if tokens are valid: true, expires at: 1769705127344
[debug] [2026-01-29T15:58:16.006Z] Checked if tokens are valid: true, expires at: 1769705127344
[debug] [2026-01-29T15:58:16.007Z] >>> [apiv2][query] POST https://cloudresourcemanager.googleapis.com/v1/projects/devicefield-web:testIamPermissions [none]
[debug] [2026-01-29T15:58:16.007Z] >>> [apiv2][(partial)header] POST https://cloudresourcemanager.googleapis.com/v1/projects/devicefield-web:testIamPermissions x-goog-quota-user=projects/devicefield-web
[debug] [2026-01-29T15:58:16.007Z] >>> [apiv2][body] POST https://cloudresourcemanager.googleapis.com/v1/projects/devicefield-web:testIamPermissions {"permissions":["firebase.projects.get","firebasehosting.sites.update"]}
[debug] [2026-01-29T15:58:16.326Z] <<< [apiv2][status] POST https://cloudresourcemanager.googleapis.com/v1/projects/devicefield-web:testIamPermissions 200
[debug] [2026-01-29T15:58:16.327Z] <<< [apiv2][body] POST https://cloudresourcemanager.googleapis.com/v1/projects/devicefield-web:testIamPermissions {"permissions":["firebase.projects.get","firebasehosting.sites.update"]}
[debug] [2026-01-29T15:58:16.327Z] Checked if tokens are valid: true, expires at: 1769705127344
[debug] [2026-01-29T15:58:16.327Z] Checked if tokens are valid: true, expires at: 1769705127344
[debug] [2026-01-29T15:58:16.327Z] >>> [apiv2][query] GET https://firebase.googleapis.com/v1beta1/projects/devicefield-web [none]
[debug] [2026-01-29T15:58:16.609Z] <<< [apiv2][status] GET https://firebase.googleapis.com/v1beta1/projects/devicefield-web 200
[debug] [2026-01-29T15:58:16.609Z] <<< [apiv2][body] GET https://firebase.googleapis.com/v1beta1/projects/devicefield-web {"projectId":"devicefield-web","projectNumber":"770120148073","displayName":"DeviceField-Web","name":"projects/devicefield-web","resources":{"hostingSite":"devicefield-web"},"state":"ACTIVE","etag":"1_28aedcfd-c593-461c-887c-7f3a88de895a"}
[debug] [2026-01-29T15:58:18.578Z] Checked if tokens are valid: true, expires at: 1769705127344
[debug] [2026-01-29T15:58:18.578Z] Checked if tokens are valid: true, expires at: 1769705127344
[debug] [2026-01-29T15:58:18.578Z] >>> [apiv2][query] GET https://firebasehosting.googleapis.com/v1beta1/projects/devicefield-web/sites pageToken=&pageSize=10
[debug] [2026-01-29T15:58:18.924Z] <<< [apiv2][status] GET https://firebasehosting.googleapis.com/v1beta1/projects/devicefield-web/sites 200
[debug] [2026-01-29T15:58:18.924Z] <<< [apiv2][body] GET https://firebasehosting.googleapis.com/v1beta1/projects/devicefield-web/sites {"sites":[{"name":"projects/devicefield-web/sites/devicefield-web","defaultUrl":"https://devicefield-web.web.app","appId":"1:770120148073:web:fe921cae2a3e188ccbeef8","type":"DEFAULT_SITE"}]}
[debug] [2026-01-29T15:58:18.924Z] Checked if tokens are valid: true, expires at: 1769705127344
[debug] [2026-01-29T15:58:18.924Z] Checked if tokens are valid: true, expires at: 1769705127344
[debug] [2026-01-29T15:58:18.925Z] >>> [apiv2][query] GET https://firebase.googleapis.com/v1beta1/projects/-/webApps/1:770120148073:web:fe921cae2a3e188ccbeef8/config [none]
[debug] [2026-01-29T15:58:19.157Z] <<< [apiv2][status] GET https://firebase.googleapis.com/v1beta1/projects/-/webApps/1:770120148073:web:fe921cae2a3e188ccbeef8/config 200
[debug] [2026-01-29T15:58:19.157Z] <<< [apiv2][body] GET https://firebase.googleapis.com/v1beta1/projects/-/webApps/1:770120148073:web:fe921cae2a3e188ccbeef8/config {"projectId":"devicefield-web","appId":"1:770120148073:web:fe921cae2a3e188ccbeef8","storageBucket":"devicefield-web.firebasestorage.app","apiKey":"AIzaSyDZBmBQ3o_K05WeGhcqI0xv9RQo_zKhnrU","authDomain":"devicefield-web.firebaseapp.com","messagingSenderId":"770120148073","measurementId":"G-Z7Q33C0BKJ","projectNumber":"770120148073","version":"2"}
[info] 
   Thank you for trying our early preview of Next.js support on Firebase Hosting.
   During the preview, support is best-effort and breaking changes can be expected. Proceed with caution.
   The integration is known to work with Next.js version 12 - 15.0. You may encounter errors.

   Documentation: https://firebase.google.com/docs/hosting/frameworks/nextjs
   File a bug: https://github.com/firebase/firebase-tools/issues/new?template=bug_report.md
   Submit a feature request: https://github.com/firebase/firebase-tools/issues/new?template=feature_request.md

   We'd love to learn from you. Express your interest in helping us shape the future of Firebase Hosting: https://goo.gle/41enW5X

[debug] [2026-01-29T15:58:22.201Z] Checked if tokens are valid: true, expires at: 1769705127344
[debug] [2026-01-29T15:58:22.202Z] Checked if tokens are valid: true, expires at: 1769705127344
[debug] [2026-01-29T15:58:22.202Z] >>> [apiv2][query] GET https://firebasehosting.googleapis.com/v1beta1/projects/devicefield-web/sites/devicefield-web [none]
[debug] [2026-01-29T15:58:22.302Z] <<< [apiv2][status] GET https://firebasehosting.googleapis.com/v1beta1/projects/devicefield-web/sites/devicefield-web 200
[debug] [2026-01-29T15:58:22.302Z] <<< [apiv2][body] GET https://firebasehosting.googleapis.com/v1beta1/projects/devicefield-web/sites/devicefield-web {"name":"projects/devicefield-web/sites/devicefield-web","defaultUrl":"https://devicefield-web.web.app","appId":"1:770120148073:web:fe921cae2a3e188ccbeef8","type":"DEFAULT_SITE"}
[info] ▲ Next.js 16.1.6 (Turbopack)

[info] - Environments: .env.local


[info] ⚠ The "middleware" file convention is deprecated. Please use "proxy" instead. Learn more: https://nextjs.org/docs/messages/middleware-to-proxy

[info]   Creating an optimized production build ...

[info] ✓ Compiled successfully in 7.9s

[info]   Running TypeScript ...

[info]   Collecting page data using 7 workers ...

[info]   Generating static pages using 7 workers (0/27) ...

[info]   Generating static pages using 7 workers (6/27) 

[info]   Generating static pages using 7 workers (13/27) 

[info]   Generating static pages using 7 workers (20/27) 

[info] ✓ Generating static pages using 7 workers (27/27) in 324.3ms

[info]   Finalizing page optimization ...

[info] 

[info] Route (app)
┌ ○ /
├ ○ /_not-found
├ ○ /about
├ ○ /admin
├ ƒ /api/contact
├ ƒ /api/hello
├ ƒ /api/planner
├ ƒ /api/track
├ ƒ /api/webhooks/stripe
├ ƒ /auth/callback
├ ○ /create-project
├ ○ /dashboard
├ ƒ /dashboard/project/[id]
├ ○ /get-started
├ ○ /integrations
├ ○ /pricing
├ ○ /reset-password
├ ○ /reset-password/confirm
├ ○ /services/analytics
├ ○ /services/api-development
├ ○ /services/app-development
├ ○ /services/metadata
├ ○ /services/seo-performance
├ ○ /services/website-development
├ ○ /signin
├ ○ /signup
└ ○ /terms


ƒ Proxy (Middleware)

[info] 
○  (Static)   prerendered as static content
ƒ  (Dynamic)  server-rendered on demand


[info] Building a Cloud Function to run this application. This is needed due to:
[info]  • middleware
[info]  • Image Optimization
[info]  • non-static component /(default)/dashboard/project/[id]/page
[info]  • non-static component /api/contact/route
[info]  • non-static component /api/hello/route
[debug] [2026-01-29T15:58:43.195Z]  • non-static component /api/planner/route
[debug] [2026-01-29T15:58:43.195Z]  • non-static component /api/track/route
[debug] [2026-01-29T15:58:43.195Z]  • non-static component /api/webhooks/stripe/route
[debug] [2026-01-29T15:58:43.195Z]  • non-static component /auth/callback/route
[info]  • and 4 other reasons, use --debug to see more
[info] 
[debug] [2026-01-29T15:58:43.767Z] skipping /_global-error due to it matching an unsupported rewrite/redirect/header or middlware
[debug] [2026-01-29T15:58:43.767Z] skipping /_not-found due to it matching an unsupported rewrite/redirect/header or middlware
[debug] [2026-01-29T15:58:43.767Z] skipping /reset-password/confirm due to it matching an unsupported rewrite/redirect/header or middlware
[debug] [2026-01-29T15:58:43.767Z] skipping /reset-password due to it matching an unsupported rewrite/redirect/header or middlware
[debug] [2026-01-29T15:58:43.767Z] skipping /signin due to it matching an unsupported rewrite/redirect/header or middlware
[debug] [2026-01-29T15:58:43.767Z] skipping /signup due to it matching an unsupported rewrite/redirect/header or middlware
[debug] [2026-01-29T15:58:43.767Z] skipping /about due to it matching an unsupported rewrite/redirect/header or middlware
[debug] [2026-01-29T15:58:43.768Z] skipping /admin due to it matching an unsupported rewrite/redirect/header or middlware
[debug] [2026-01-29T15:58:43.768Z] skipping /create-project due to it matching an unsupported rewrite/redirect/header or middlware
[debug] [2026-01-29T15:58:43.768Z] skipping /dashboard due to it matching an unsupported rewrite/redirect/header or middlware
[debug] [2026-01-29T15:58:43.768Z] skipping /get-started due to it matching an unsupported rewrite/redirect/header or middlware
[debug] [2026-01-29T15:58:43.768Z] skipping /integrations due to it matching an unsupported rewrite/redirect/header or middlware
[debug] [2026-01-29T15:58:43.768Z] skipping / due to it matching an unsupported rewrite/redirect/header or middlware
[debug] [2026-01-29T15:58:43.768Z] skipping /pricing due to it matching an unsupported rewrite/redirect/header or middlware
[debug] [2026-01-29T15:58:43.768Z] skipping /terms due to it matching an unsupported rewrite/redirect/header or middlware
[debug] [2026-01-29T15:58:43.768Z] skipping /services/analytics due to it matching an unsupported rewrite/redirect/header or middlware
[debug] [2026-01-29T15:58:43.768Z] skipping /services/api-development due to it matching an unsupported rewrite/redirect/header or middlware
[debug] [2026-01-29T15:58:43.768Z] skipping /services/app-development due to it matching an unsupported rewrite/redirect/header or middlware
[debug] [2026-01-29T15:58:43.768Z] skipping /services/metadata due to it matching an unsupported rewrite/redirect/header or middlware
[debug] [2026-01-29T15:58:43.768Z] skipping /services/seo-performance due to it matching an unsupported rewrite/redirect/header or middlware
[debug] [2026-01-29T15:58:43.768Z] skipping /services/website-development due to it matching an unsupported rewrite/redirect/header or middlware
[debug] [2026-01-29T15:58:43.768Z] skipping /404 due to it matching an unsupported rewrite/redirect/header or middlware
[debug] [2026-01-29T15:58:43.768Z] skipping /500 due to it matching an unsupported rewrite/redirect/header or middlware
[debug] [2026-01-29T15:58:48.591Z] Checked if tokens are valid: true, expires at: 1769705127344
[debug] [2026-01-29T15:58:48.591Z] Checked if tokens are valid: true, expires at: 1769705127344
[debug] [2026-01-29T15:58:48.591Z] >>> [apiv2][query] GET https://firebasehosting.googleapis.com/v1beta1/projects/devicefield-web/sites/devicefield-web [none]
[debug] [2026-01-29T15:58:48.800Z] <<< [apiv2][status] GET https://firebasehosting.googleapis.com/v1beta1/projects/devicefield-web/sites/devicefield-web 200
[debug] [2026-01-29T15:58:48.800Z] <<< [apiv2][body] GET https://firebasehosting.googleapis.com/v1beta1/projects/devicefield-web/sites/devicefield-web {"name":"projects/devicefield-web/sites/devicefield-web","defaultUrl":"https://devicefield-web.web.app","appId":"1:770120148073:web:fe921cae2a3e188ccbeef8","type":"DEFAULT_SITE"}
[debug] [2026-01-29T15:59:02.612Z] [web frameworks] effective firebase.json:  {
  "hosting": [
    {
      "source": ".",
      "ignore": [
        "firebase.json",
        "**/.*",
        "**/node_modules/**"
      ],
      "frameworksBackend": {
        "region": "us-central1"
      },
      "site": "devicefield-web",
      "rewrites": [
        {
          "source": "**",
          "function": {
            "functionId": "ssrdevicefieldweb",
            "region": "us-central1",
            "pinTag": true
          }
        }
      ],
      "redirects": [],
      "headers": [
        {
          "source": "/reset-password",
          "headers": [
            {
              "key": "x-nextjs-stale-time",
              "value": "300"
            },
            {
              "key": "x-nextjs-prerender",
              "value": "1"
            },
            {
              "key": "x-next-cache-tags",
              "value": "_N_T_/layout,_N_T_/(auth)/layout,_N_T_/(auth)/reset-password/layout,_N_T_/(auth)/reset-password/page,_N_T_/reset-password"
            }
          ]
        },
        {
          "source": "/_global-error",
          "headers": [
            {
              "key": "x-nextjs-stale-time",
              "value": "300"
            },
            {
              "key": "x-nextjs-prerender",
              "value": "1"
            },
            {
              "key": "x-next-cache-tags",
              "value": "_N_T_/layout,_N_T_/_global-error/layout,_N_T_/_global-error/page,_N_T_/_global-error"
            }
          ]
        },
        {
          "source": "/services/analytics",
          "headers": [
            {
              "key": "x-nextjs-stale-time",
              "value": "300"
            },
            {
              "key": "x-nextjs-prerender",
              "value": "1"
            },
            {
              "key": "x-next-cache-tags",
              "value": "_N_T_/layout,_N_T_/services/layout,_N_T_/services/analytics/layout,_N_T_/services/analytics/page,_N_T_/services/analytics"
            }
          ]
        },
        {
          "source": "/services/api-development",
          "headers": [
            {
              "key": "x-nextjs-stale-time",
              "value": "300"
            },
            {
              "key": "x-nextjs-prerender",
              "value": "1"
            },
            {
              "key": "x-next-cache-tags",
              "value": "_N_T_/layout,_N_T_/services/layout,_N_T_/services/api-development/layout,_N_T_/services/api-development/page,_N_T_/services/api-development"
            }
          ]
        },
        {
          "source": "/_not-found",
          "headers": [
            {
              "key": "x-nextjs-stale-time",
              "value": "300"
            },
            {
              "key": "x-nextjs-prerender",
              "value": "1"
            },
            {
              "key": "x-next-cache-tags",
              "value": "_N_T_/layout,_N_T_/_not-found/layout,_N_T_/_not-found/page,_N_T_/_not-found"
            }
          ]
        },
        {
          "source": "/services/app-development",
          "headers": [
            {
              "key": "x-nextjs-stale-time",
              "value": "300"
            },
            {
              "key": "x-nextjs-prerender",
              "value": "1"
            },
            {
              "key": "x-next-cache-tags",
              "value": "_N_T_/layout,_N_T_/services/layout,_N_T_/services/app-development/layout,_N_T_/services/app-development/page,_N_T_/services/app-development"
            }
          ]
        },
        {
          "source": "/services/metadata",
          "headers": [
            {
              "key": "x-nextjs-stale-time",
              "value": "300"
            },
            {
              "key": "x-nextjs-prerender",
              "value": "1"
            },
            {
              "key": "x-next-cache-tags",
              "value": "_N_T_/layout,_N_T_/services/layout,_N_T_/services/metadata/layout,_N_T_/services/metadata/page,_N_T_/services/metadata"
            }
          ]
        },
        {
          "source": "/services/seo-performance",
          "headers": [
            {
              "key": "x-nextjs-stale-time",
              "value": "300"
            },
            {
              "key": "x-nextjs-prerender",
              "value": "1"
            },
            {
              "key": "x-next-cache-tags",
              "value": "_N_T_/layout,_N_T_/services/layout,_N_T_/services/seo-performance/layout,_N_T_/services/seo-performance/page,_N_T_/services/seo-performance"
            }
          ]
        },
        {
          "source": "/services/website-development",
          "headers": [
            {
              "key": "x-nextjs-stale-time",
              "value": "300"
            },
            {
              "key": "x-nextjs-prerender",
              "value": "1"
            },
            {
              "key": "x-next-cache-tags",
              "value": "_N_T_/layout,_N_T_/services/layout,_N_T_/services/website-development/layout,_N_T_/services/website-development/page,_N_T_/services/website-development"
            }
          ]
        },
        {
          "source": "**/*.[jt]s",
          "headers": [
            {
              "key": "Set-Cookie",
              "value": "__FIREBASE_DEFAULTS__=eyJjb25maWciOnsicHJvamVjdElkIjoiZGV2aWNlZmllbGQtd2ViIiwiYXBwSWQiOiIxOjc3MDEyMDE0ODA3Mzp3ZWI6ZmU5MjFjYWUyYTNlMTg4Y2NiZWVmOCIsInN0b3JhZ2VCdWNrZXQiOiJkZXZpY2VmaWVsZC13ZWIuZmlyZWJhc2VzdG9yYWdlLmFwcCIsImFwaUtleSI6IkFJemFTeURaQm1CUTNvX0swNVdlR2hjcUkweHY5UlFvX3pLaG5yVSIsImF1dGhEb21haW4iOiJkZXZpY2VmaWVsZC13ZWIuZmlyZWJhc2VhcHAuY29tIiwibWVzc2FnaW5nU2VuZGVySWQiOiI3NzAxMjAxNDgwNzMiLCJtZWFzdXJlbWVudElkIjoiRy1aN1EzM0MwQktKIiwicHJvamVjdE51bWJlciI6Ijc3MDEyMDE0ODA3MyIsInZlcnNpb24iOiIyIn0sIl9hdXRoVG9rZW5TeW5jVVJMIjoiL19fc2Vzc2lvbiJ9; SameSite=Strict; Expires=2027-12-25T02:39:02.612Z; Path=/;"
            }
          ]
        }
      ],
      "cleanUrls": true,
      "trailingSlash": false,
      "public": ".firebase/devicefield-web/hosting",
      "webFramework": "next_ssr"
    }
  ],
  "functions": [
    {
      "source": ".firebase/devicefield-web/functions",
      "codebase": "firebase-frameworks-devicefield-web"
    }
  ]
}
[debug] [2026-01-29T15:59:02.613Z] > command requires scopes: ["email","openid","https://www.googleapis.com/auth/cloudplatformprojects.readonly","https://www.googleapis.com/auth/firebase","https://www.googleapis.com/auth/cloud-platform"]
[debug] [2026-01-29T15:59:02.614Z] > authorizing via signed-in user (claytonw12345@gmail.com)
[debug] [2026-01-29T15:59:02.614Z] [iam] checking project devicefield-web for permissions ["cloudfunctions.functions.create","cloudfunctions.functions.delete","cloudfunctions.functions.get","cloudfunctions.functions.list","cloudfunctions.functions.update","cloudfunctions.operations.get","firebase.projects.get"]
[debug] [2026-01-29T15:59:02.614Z] Checked if tokens are valid: true, expires at: 1769705127344
[debug] [2026-01-29T15:59:02.614Z] Checked if tokens are valid: true, expires at: 1769705127344
[debug] [2026-01-29T15:59:02.615Z] >>> [apiv2][query] POST https://cloudresourcemanager.googleapis.com/v1/projects/devicefield-web:testIamPermissions [none]
[debug] [2026-01-29T15:59:02.615Z] >>> [apiv2][(partial)header] POST https://cloudresourcemanager.googleapis.com/v1/projects/devicefield-web:testIamPermissions x-goog-quota-user=projects/devicefield-web
[debug] [2026-01-29T15:59:02.615Z] >>> [apiv2][body] POST https://cloudresourcemanager.googleapis.com/v1/projects/devicefield-web:testIamPermissions {"permissions":["cloudfunctions.functions.create","cloudfunctions.functions.delete","cloudfunctions.functions.get","cloudfunctions.functions.list","cloudfunctions.functions.update","cloudfunctions.operations.get","firebase.projects.get"]}
[debug] [2026-01-29T15:59:02.819Z] <<< [apiv2][status] POST https://cloudresourcemanager.googleapis.com/v1/projects/devicefield-web:testIamPermissions 200
[debug] [2026-01-29T15:59:02.819Z] <<< [apiv2][body] POST https://cloudresourcemanager.googleapis.com/v1/projects/devicefield-web:testIamPermissions {"permissions":["cloudfunctions.functions.create","cloudfunctions.functions.delete","cloudfunctions.functions.get","cloudfunctions.functions.list","cloudfunctions.functions.update","cloudfunctions.operations.get","firebase.projects.get"]}
[info] 
[info] === Deploying to 'devicefield-web'...
[info] 
[info] i  deploying functions, hosting 
[debug] [2026-01-29T15:59:02.824Z] Checked if tokens are valid: true, expires at: 1769705127344
[debug] [2026-01-29T15:59:02.824Z] Checked if tokens are valid: true, expires at: 1769705127344
[debug] [2026-01-29T15:59:02.824Z] >>> [apiv2][query] GET https://cloudresourcemanager.googleapis.com/v1/projects/devicefield-web [none]
[debug] [2026-01-29T15:59:02.919Z] <<< [apiv2][status] GET https://cloudresourcemanager.googleapis.com/v1/projects/devicefield-web 200
[debug] [2026-01-29T15:59:02.919Z] <<< [apiv2][body] GET https://cloudresourcemanager.googleapis.com/v1/projects/devicefield-web {"projectNumber":"770120148073","projectId":"devicefield-web","lifecycleState":"ACTIVE","name":"DeviceField-Web","labels":{"firebase":"enabled"},"createTime":"2023-08-09T14:40:25.061555Z"}
[info] i  functions: preparing codebase firebase-frameworks-devicefield-web for deployment 
[info] i  functions: ensuring required API cloudfunctions.googleapis.com is enabled... 
[info] i  functions: ensuring required API cloudbuild.googleapis.com is enabled... 
[info] i  artifactregistry: ensuring required API artifactregistry.googleapis.com is enabled... 
[debug] [2026-01-29T15:59:02.920Z] Checked if tokens are valid: true, expires at: 1769705127344
[debug] [2026-01-29T15:59:02.920Z] Checked if tokens are valid: true, expires at: 1769705127344
[debug] [2026-01-29T15:59:02.920Z] >>> [apiv2][query] GET https://firebase.googleapis.com/v1beta1/projects/devicefield-web/adminSdkConfig [none]
[debug] [2026-01-29T15:59:03.210Z] <<< [apiv2][status] GET https://firebase.googleapis.com/v1beta1/projects/devicefield-web/adminSdkConfig 200
[debug] [2026-01-29T15:59:03.210Z] <<< [apiv2][body] GET https://firebase.googleapis.com/v1beta1/projects/devicefield-web/adminSdkConfig {"projectId":"devicefield-web","storageBucket":"devicefield-web.firebasestorage.app"}
[debug] [2026-01-29T15:59:03.210Z] Checked if tokens are valid: true, expires at: 1769705127344
[debug] [2026-01-29T15:59:03.210Z] Checked if tokens are valid: true, expires at: 1769705127344
[debug] [2026-01-29T15:59:03.210Z] >>> [apiv2][query] GET https://runtimeconfig.googleapis.com/v1beta1/projects/devicefield-web/configs [none]
[debug] [2026-01-29T15:59:03.545Z] <<< [apiv2][status] GET https://runtimeconfig.googleapis.com/v1beta1/projects/devicefield-web/configs 200
[debug] [2026-01-29T15:59:03.545Z] <<< [apiv2][body] GET https://runtimeconfig.googleapis.com/v1beta1/projects/devicefield-web/configs {}
[debug] [2026-01-29T15:59:03.547Z] Validating nodejs source
[warn] ⚠  functions: package.json indicates an outdated version of firebase-functions. Please upgrade using npm install --save firebase-functions@latest in your functions directory. 
[warn] ⚠  functions: Please note that there will be breaking changes when you upgrade. 
[debug] [2026-01-29T15:59:04.876Z] > [functions] package.json contents: {
  "name": "simple-next",
  "version": "0.1.0",
  "private": true,
  "dependencies": {
    "-": "^0.0.1",
    "@headlessui/react": "^2.0.4",
    "@lottiefiles/lottie-interactivity": "^1.6.2",
    "@supabase/ssr": "^0.8.0",
    "@supabase/supabase-js": "^2.91.1",
    "@types/node": "^22.10.1",
    "@types/react": "19.0.1",
    "@types/react-dom": "19.0.1",
    "aos": "^3.0.0-beta.6",
    "clsx": "^2.1.1",
    "firebase": "^12.8.0",
    "framer-motion": "^12.29.2",
    "lottie-react": "^2.4.0",
    "lucide-react": "^0.563.0",
    "motion": "^12.29.2",
    "next": "^16.1.6",
    "nodemailer": "^7.0.13",
    "prettier-plugin-tailwindcss": "^0.6.5",
    "react": "19.0.0",
    "react-dom": "19.0.0",
    "save": "^2.9.0",
    "stripe": "^20.3.0",
    "tailwind-merge": "^3.4.0",
    "three": "^0.172.0",
    "three-globe": "^2.39.1",
    "typescript": "^5.3.3",
    "sharp": "^0.32 || ^0.33",
    "firebase-frameworks": "^0.11.0",
    "firebase-functions": "^6.0.1",
    "firebase-admin": "^11.11.1"
  },
  "overrides": {
    "@types/react": "19.0.1",
    "@types/react-dom": "19.0.1",
    "lottie-react": {
      "react": "$react",
      "react-dom": "$react-dom"
    }
  },
  "main": "server.js",
  "engines": {
    "node": "22"
  }
}
[debug] [2026-01-29T15:59:04.876Z] Building nodejs source
[info] i  functions: Loading and analyzing source code for codebase firebase-frameworks-devicefield-web to determine what to deploy 
[debug] [2026-01-29T15:59:04.877Z] Could not find functions.yaml. Must use http discovery
[debug] [2026-01-29T15:59:04.888Z] Found firebase-functions binary at '/Users/claytonwingfield/Development/Web/Devicefield/devicefield-new/.firebase/devicefield-web/functions/node_modules/.bin/firebase-functions'
[info] Serving at port 8936

[debug] [2026-01-29T15:59:05.601Z] Got response from /__/functions.yaml {"endpoints":{"ssrdevicefieldweb":{"availableMemoryMb":null,"timeoutSeconds":null,"minInstances":null,"maxInstances":null,"ingressSettings":null,"concurrency":null,"serviceAccountEmail":null,"vpc":null,"platform":"gcfv2","region":["us-central1"],"labels":{},"httpsTrigger":{},"entryPoint":"ssrdevicefieldweb"}},"specVersion":"v1alpha1","requiredAPIs":[],"extensions":{}}
[info] i  extensions: ensuring required API firebaseextensions.googleapis.com is enabled... 
[debug] [2026-01-29T15:59:09.636Z] > command requires scopes: ["email","openid","https://www.googleapis.com/auth/cloudplatformprojects.readonly","https://www.googleapis.com/auth/firebase","https://www.googleapis.com/auth/cloud-platform"]
[debug] [2026-01-29T15:59:09.636Z] > authorizing via signed-in user (claytonw12345@gmail.com)
[debug] [2026-01-29T15:59:09.637Z] [iam] checking project devicefield-web for permissions ["firebase.projects.get","firebaseextensions.instances.list"]
[debug] [2026-01-29T15:59:09.637Z] Checked if tokens are valid: true, expires at: 1769705127344
[debug] [2026-01-29T15:59:09.637Z] Checked if tokens are valid: true, expires at: 1769705127344
[debug] [2026-01-29T15:59:09.637Z] >>> [apiv2][query] POST https://cloudresourcemanager.googleapis.com/v1/projects/devicefield-web:testIamPermissions [none]
[debug] [2026-01-29T15:59:09.637Z] >>> [apiv2][(partial)header] POST https://cloudresourcemanager.googleapis.com/v1/projects/devicefield-web:testIamPermissions x-goog-quota-user=projects/devicefield-web
[debug] [2026-01-29T15:59:09.637Z] >>> [apiv2][body] POST https://cloudresourcemanager.googleapis.com/v1/projects/devicefield-web:testIamPermissions {"permissions":["firebase.projects.get","firebaseextensions.instances.list"]}
[debug] [2026-01-29T15:59:09.901Z] <<< [apiv2][status] POST https://cloudresourcemanager.googleapis.com/v1/projects/devicefield-web:testIamPermissions 200
[debug] [2026-01-29T15:59:09.902Z] <<< [apiv2][body] POST https://cloudresourcemanager.googleapis.com/v1/projects/devicefield-web:testIamPermissions {"permissions":["firebase.projects.get","firebaseextensions.instances.list"]}
[debug] [2026-01-29T15:59:09.902Z] Checked if tokens are valid: true, expires at: 1769705127344
[debug] [2026-01-29T15:59:09.902Z] Checked if tokens are valid: true, expires at: 1769705127344
[debug] [2026-01-29T15:59:09.903Z] >>> [apiv2][query] GET https://firebaseextensions.googleapis.com/v1beta/projects/devicefield-web/instances pageSize=100&pageToken=
[debug] [2026-01-29T15:59:10.215Z] <<< [apiv2][status] GET https://firebaseextensions.googleapis.com/v1beta/projects/devicefield-web/instances 200
[debug] [2026-01-29T15:59:10.215Z] <<< [apiv2][body] GET https://firebaseextensions.googleapis.com/v1beta/projects/devicefield-web/instances {}
[info] i  functions: Loaded environment variables from .env. 
[info] i  functions: preparing .firebase/devicefield-web/functions directory for uploading... 
[info] i  functions: packaged /Users/claytonwingfield/Development/Web/Devicefield/devicefield-new/.firebase/devicefield-web/functions (389.43 MB) for uploading 
[debug] [2026-01-29T15:59:28.710Z] Checked if tokens are valid: true, expires at: 1769705127344
[debug] [2026-01-29T15:59:28.710Z] Checked if tokens are valid: true, expires at: 1769705127344
[debug] [2026-01-29T15:59:28.712Z] >>> [apiv2][query] GET https://cloudfunctions.googleapis.com/v1/projects/devicefield-web/locations/-/functions [none]
[debug] [2026-01-29T15:59:29.297Z] <<< [apiv2][status] GET https://cloudfunctions.googleapis.com/v1/projects/devicefield-web/locations/-/functions 200
[debug] [2026-01-29T15:59:29.298Z] <<< [apiv2][body] GET https://cloudfunctions.googleapis.com/v1/projects/devicefield-web/locations/-/functions {}
[debug] [2026-01-29T15:59:29.298Z] Checked if tokens are valid: true, expires at: 1769705127344
[debug] [2026-01-29T15:59:29.298Z] Checked if tokens are valid: true, expires at: 1769705127344
[debug] [2026-01-29T15:59:29.298Z] >>> [apiv2][query] GET https://cloudfunctions.googleapis.com/v2/projects/devicefield-web/locations/-/functions filter=environment%3D%22GEN_2%22
[debug] [2026-01-29T15:59:29.670Z] <<< [apiv2][status] GET https://cloudfunctions.googleapis.com/v2/projects/devicefield-web/locations/-/functions 200
[debug] [2026-01-29T15:59:29.670Z] <<< [apiv2][body] GET https://cloudfunctions.googleapis.com/v2/projects/devicefield-web/locations/-/functions {"functions":[{"name":"projects/devicefield-web/locations/us-central1/functions/ssrdevicefieldweb","buildConfig":{"build":"projects/770120148073/locations/us-central1/builds/ef2c25c7-2498-4916-9d75-97b8c99a926f","runtime":"nodejs22","entryPoint":"ssrdevicefieldweb","source":{"storageSource":{"bucket":"gcf-v2-sources-770120148073-us-central1","object":"ssrdevicefieldweb/function-source.zip","generation":"1769701659920439"}},"environmentVariables":{"GOOGLE_NODE_RUN_SCRIPTS":""},"dockerRepository":"projects/devicefield-web/locations/us-central1/repositories/gcf-artifacts","sourceProvenance":{"resolvedStorageSource":{"bucket":"gcf-v2-sources-770120148073-us-central1","object":"ssrdevicefieldweb/function-source.zip","generation":"1769701659920439"}},"dockerRegistry":"ARTIFACT_REGISTRY","serviceAccount":"projects/devicefield-web/serviceAccounts/770120148073-compute@developer.gserviceaccount.com","automaticUpdatePolicy":{}},"serviceConfig":{"service":"projects/devicefield-web/locations/us-central1/services/ssrdevicefieldweb","timeoutSeconds":60,"environmentVariables":{"VERCEL_URL":"devicefield-web.web.app","__FIREBASE_FRAMEWORKS_ENTRY__":"next.js","__FIREBASE_DEFAULTS__":"{\"config\":{\"projectId\":\"devicefield-web\",\"appId\":\"1:770120148073:web:fe921cae2a3e188ccbeef8\",\"storageBucket\":\"devicefield-web.firebasestorage.app\",\"apiKey\":\"AIzaSyDZBmBQ3o_K05WeGhcqI0xv9RQo_zKhnrU\",\"authDomain\":\"devicefield-web.firebaseapp.com\",\"messagingSenderId\":\"770120148073\",\"measurementId\":\"G-Z7Q33C0BKJ\",\"projectNumber\":\"770120148073\",\"version\":\"2\"},\"_authTokenSyncURL\":\"/__session\"}","FIREBASE_CONFIG":"{\"projectId\":\"devicefield-web\",\"storageBucket\":\"devicefield-web.firebasestorage.app\"}","GCLOUD_PROJECT":"devicefield-web","EVENTARC_CLOUD_EVENT_SOURCE":"projects/devicefield-web/locations/us-central1/services/ssrdevicefieldweb","FUNCTION_TARGET":"ssrdevicefieldweb","LOG_EXECUTION_ID":"true"},"maxInstanceCount":20,"ingressSettings":"ALLOW_ALL","uri":"https://ssrdevicefieldweb-gjosb453kq-uc.a.run.app","serviceAccountEmail":"770120148073-compute@developer.gserviceaccount.com","availableMemory":"256Mi","allTrafficOnLatestRevision":true,"revision":"ssrdevicefieldweb-00010-bob","maxInstanceRequestConcurrency":80,"availableCpu":"1"},"state":"ACTIVE","updateTime":"2026-01-29T15:54:11.814844060Z","labels":{"deployment-tool":"cli-firebase","firebase-functions-codebase":"firebase-frameworks-devicefield-web","firebase-functions-hash":"4399bc983dd0840d77a7c9b1720a88207a6bbd4a"},"environment":"GEN_2","url":"https://us-central1-devicefield-web.cloudfunctions.net/ssrdevicefieldweb","createTime":"2026-01-28T21:52:48.111159163Z","satisfiesPzi":true}]}
[info] i  functions: ensuring required API run.googleapis.com is enabled... 
[info] i  functions: ensuring required API eventarc.googleapis.com is enabled... 
[info] i  functions: ensuring required API pubsub.googleapis.com is enabled... 
[info] i  functions: ensuring required API storage.googleapis.com is enabled... 
[info] i  functions: generating the service identity for pubsub.googleapis.com... 
[debug] [2026-01-29T15:59:29.679Z] Checked if tokens are valid: true, expires at: 1769705127344
[debug] [2026-01-29T15:59:29.679Z] Checked if tokens are valid: true, expires at: 1769705127344
[info] i  functions: generating the service identity for eventarc.googleapis.com... 
[debug] [2026-01-29T15:59:29.679Z] Checked if tokens are valid: true, expires at: 1769705127344
[debug] [2026-01-29T15:59:29.679Z] Checked if tokens are valid: true, expires at: 1769705127344
[debug] [2026-01-29T15:59:29.679Z] >>> [apiv2][query] POST https://serviceusage.googleapis.com/v1beta1/projects/770120148073/services/pubsub.googleapis.com:generateServiceIdentity [none]
[debug] [2026-01-29T15:59:29.679Z] >>> [apiv2][(partial)header] POST https://serviceusage.googleapis.com/v1beta1/projects/770120148073/services/pubsub.googleapis.com:generateServiceIdentity x-goog-quota-user=projects/770120148073
[debug] [2026-01-29T15:59:29.679Z] >>> [apiv2][body] POST https://serviceusage.googleapis.com/v1beta1/projects/770120148073/services/pubsub.googleapis.com:generateServiceIdentity {}
[debug] [2026-01-29T15:59:29.681Z] >>> [apiv2][query] POST https://serviceusage.googleapis.com/v1beta1/projects/770120148073/services/eventarc.googleapis.com:generateServiceIdentity [none]
[debug] [2026-01-29T15:59:29.681Z] >>> [apiv2][(partial)header] POST https://serviceusage.googleapis.com/v1beta1/projects/770120148073/services/eventarc.googleapis.com:generateServiceIdentity x-goog-quota-user=projects/770120148073
[debug] [2026-01-29T15:59:29.681Z] >>> [apiv2][body] POST https://serviceusage.googleapis.com/v1beta1/projects/770120148073/services/eventarc.googleapis.com:generateServiceIdentity {}
[debug] [2026-01-29T15:59:30.160Z] <<< [apiv2][status] POST https://serviceusage.googleapis.com/v1beta1/projects/770120148073/services/pubsub.googleapis.com:generateServiceIdentity 200
[debug] [2026-01-29T15:59:30.161Z] <<< [apiv2][body] POST https://serviceusage.googleapis.com/v1beta1/projects/770120148073/services/pubsub.googleapis.com:generateServiceIdentity {"name":"operations/finished.DONE_OPERATION","done":true,"response":{"@type":"type.googleapis.com/google.api.serviceusage.v1beta1.ServiceIdentity","email":"service-770120148073@gcp-sa-pubsub.iam.gserviceaccount.com","uniqueId":"118420258580346446424"}}
[debug] [2026-01-29T15:59:30.161Z] <<< [apiv2][status] POST https://serviceusage.googleapis.com/v1beta1/projects/770120148073/services/eventarc.googleapis.com:generateServiceIdentity 200
[debug] [2026-01-29T15:59:30.161Z] <<< [apiv2][body] POST https://serviceusage.googleapis.com/v1beta1/projects/770120148073/services/eventarc.googleapis.com:generateServiceIdentity {"name":"operations/finished.DONE_OPERATION","done":true,"response":{"@type":"type.googleapis.com/google.api.serviceusage.v1beta1.ServiceIdentity","email":"service-770120148073@gcp-sa-eventarc.iam.gserviceaccount.com","uniqueId":"117286155217525443180"}}
[debug] [2026-01-29T15:59:30.162Z] Checked if tokens are valid: true, expires at: 1769705127344
[debug] [2026-01-29T15:59:30.162Z] Checked if tokens are valid: true, expires at: 1769705127344
[debug] [2026-01-29T15:59:30.162Z] >>> [apiv2][query] GET https://cloudresourcemanager.googleapis.com/v1/projects/devicefield-web [none]
[debug] [2026-01-29T15:59:30.399Z] <<< [apiv2][status] GET https://cloudresourcemanager.googleapis.com/v1/projects/devicefield-web 200
[debug] [2026-01-29T15:59:30.399Z] <<< [apiv2][body] GET https://cloudresourcemanager.googleapis.com/v1/projects/devicefield-web {"projectNumber":"770120148073","projectId":"devicefield-web","lifecycleState":"ACTIVE","name":"DeviceField-Web","labels":{"firebase":"enabled"},"createTime":"2023-08-09T14:40:25.061555Z"}
[debug] [2026-01-29T15:59:30.400Z] Checked if tokens are valid: true, expires at: 1769705127344
[debug] [2026-01-29T15:59:30.400Z] Checked if tokens are valid: true, expires at: 1769705127344
[debug] [2026-01-29T15:59:30.400Z] >>> [apiv2][query] GET https://compute.googleapis.com/compute/v1/projects/770120148073 [none]
[debug] [2026-01-29T15:59:30.615Z] <<< [apiv2][status] GET https://compute.googleapis.com/compute/v1/projects/770120148073 403
[debug] [2026-01-29T15:59:30.616Z] <<< [apiv2][body] GET https://compute.googleapis.com/compute/v1/projects/770120148073 {"error":{"code":403,"message":"Compute Engine API has not been used in project 770120148073 before or it is disabled. Enable it by visiting https://console.developers.google.com/apis/api/compute.googleapis.com/overview?project=770120148073 then retry. If you enabled this API recently, wait a few minutes for the action to propagate to our systems and retry.","errors":[{"message":"Compute Engine API has not been used in project 770120148073 before or it is disabled. Enable it by visiting https://console.developers.google.com/apis/api/compute.googleapis.com/overview?project=770120148073 then retry. If you enabled this API recently, wait a few minutes for the action to propagate to our systems and retry.","domain":"usageLimits","reason":"accessNotConfigured","extendedHelp":"https://console.developers.google.com"}],"status":"PERMISSION_DENIED","details":[{"@type":"type.googleapis.com/google.rpc.ErrorInfo","reason":"SERVICE_DISABLED","domain":"googleapis.com","metadata":{"activationUrl":"https://console.developers.google.com/apis/api/compute.googleapis.com/overview?project=770120148073","service":"compute.googleapis.com","serviceTitle":"Compute Engine API","containerInfo":"770120148073","consumer":"projects/770120148073"}},{"@type":"type.googleapis.com/google.rpc.LocalizedMessage","locale":"en-US","message":"Compute Engine API has not been used in project 770120148073 before or it is disabled. Enable it by visiting https://console.developers.google.com/apis/api/compute.googleapis.com/overview?project=770120148073 then retry. If you enabled this API recently, wait a few minutes for the action to propagate to our systems and retry."},{"@type":"type.googleapis.com/google.rpc.Help","links":[{"description":"Google developers console API activation","url":"https://console.developers.google.com/apis/api/compute.googleapis.com/overview?project=770120148073"}]}]}}
[debug] [2026-01-29T15:59:30.618Z] unable to look up default compute service account. Falling back to 770120148073-compute@developer.gserviceaccount.com. Error: {"name":"FirebaseError","children":[],"context":{"body":{"error":{"code":403,"message":"Compute Engine API has not been used in project 770120148073 before or it is disabled. Enable it by visiting https://console.developers.google.com/apis/api/compute.googleapis.com/overview?project=770120148073 then retry. If you enabled this API recently, wait a few minutes for the action to propagate to our systems and retry.","errors":[{"message":"Compute Engine API has not been used in project 770120148073 before or it is disabled. Enable it by visiting https://console.developers.google.com/apis/api/compute.googleapis.com/overview?project=770120148073 then retry. If you enabled this API recently, wait a few minutes for the action to propagate to our systems and retry.","domain":"usageLimits","reason":"accessNotConfigured","extendedHelp":"https://console.developers.google.com"}],"status":"PERMISSION_DENIED","details":[{"@type":"type.googleapis.com/google.rpc.ErrorInfo","reason":"SERVICE_DISABLED","domain":"googleapis.com","metadata":{"activationUrl":"https://console.developers.google.com/apis/api/compute.googleapis.com/overview?project=770120148073","service":"compute.googleapis.com","serviceTitle":"Compute Engine API","containerInfo":"770120148073","consumer":"projects/770120148073"}},{"@type":"type.googleapis.com/google.rpc.LocalizedMessage","locale":"en-US","message":"Compute Engine API has not been used in project 770120148073 before or it is disabled. Enable it by visiting https://console.developers.google.com/apis/api/compute.googleapis.com/overview?project=770120148073 then retry. If you enabled this API recently, wait a few minutes for the action to propagate to our systems and retry."},{"@type":"type.googleapis.com/google.rpc.Help","links":[{"description":"Google developers console API activation","url":"https://console.developers.google.com/apis/api/compute.googleapis.com/overview?project=770120148073"}]}]}},"response":{"statusCode":403}},"exit":1,"message":"Request to https://compute.googleapis.com/compute/v1/projects/770120148073 had HTTP Error: 403, Compute Engine API has not been used in project 770120148073 before or it is disabled. Enable it by visiting https://console.developers.google.com/apis/api/compute.googleapis.com/overview?project=770120148073 then retry. If you enabled this API recently, wait a few minutes for the action to propagate to our systems and retry.","status":403}
[debug] [2026-01-29T15:59:30.622Z] Checked if tokens are valid: true, expires at: 1769705127344
[debug] [2026-01-29T15:59:30.622Z] Checked if tokens are valid: true, expires at: 1769705127344
[debug] [2026-01-29T15:59:30.622Z] >>> [apiv2][query] POST https://firebasehosting.googleapis.com/v1beta1/projects/-/sites/devicefield-web/versions [none]
[debug] [2026-01-29T15:59:30.622Z] >>> [apiv2][body] POST https://firebasehosting.googleapis.com/v1beta1/projects/-/sites/devicefield-web/versions {"status":"CREATED","labels":{"deployment-tool":"cli-firebase","firebase-web-framework":"next_ssr"}}
[debug] [2026-01-29T15:59:31.003Z] <<< [apiv2][status] POST https://firebasehosting.googleapis.com/v1beta1/projects/-/sites/devicefield-web/versions 200
[debug] [2026-01-29T15:59:31.003Z] <<< [apiv2][body] POST https://firebasehosting.googleapis.com/v1beta1/projects/-/sites/devicefield-web/versions {"name":"projects/770120148073/sites/devicefield-web/versions/f03e61f8467e26d2","status":"CREATED","config":{},"labels":{"deployment-tool":"cli-firebase","firebase-web-framework":"next_ssr"}}
[debug] [2026-01-29T15:59:31.004Z] Checked if tokens are valid: true, expires at: 1769705127344
[debug] [2026-01-29T15:59:31.004Z] Checked if tokens are valid: true, expires at: 1769705127344
[debug] [2026-01-29T15:59:31.004Z] >>> [apiv2][query] GET https://cloudbilling.googleapis.com/v1/projects/devicefield-web/billingInfo [none]
[debug] [2026-01-29T15:59:31.188Z] <<< [apiv2][status] GET https://cloudbilling.googleapis.com/v1/projects/devicefield-web/billingInfo 200
[debug] [2026-01-29T15:59:31.189Z] <<< [apiv2][body] GET https://cloudbilling.googleapis.com/v1/projects/devicefield-web/billingInfo {"name":"projects/devicefield-web/billingInfo","projectId":"devicefield-web","billingAccountName":"billingAccounts/014C3F-7353AA-4D9125","billingEnabled":true}
[debug] [2026-01-29T15:59:31.191Z] Checked if tokens are valid: true, expires at: 1769705127344
[debug] [2026-01-29T15:59:31.191Z] Checked if tokens are valid: true, expires at: 1769705127344
[debug] [2026-01-29T15:59:31.191Z] >>> [apiv2][query] POST https://cloudfunctions.googleapis.com/v2/projects/devicefield-web/locations/us-central1/functions:generateUploadUrl [none]
[debug] [2026-01-29T15:59:31.389Z] <<< [apiv2][status] POST https://cloudfunctions.googleapis.com/v2/projects/devicefield-web/locations/us-central1/functions:generateUploadUrl 200
[debug] [2026-01-29T15:59:31.389Z] <<< [apiv2][body] POST https://cloudfunctions.googleapis.com/v2/projects/devicefield-web/locations/us-central1/functions:generateUploadUrl {"uploadUrl":"https://storage.googleapis.com/gcf-v2-uploads-770120148073.us-central1.cloudfunctions.appspot.com/f51eff1d-4a79-40a5-b1f0-19375634c49d.zip?GoogleAccessId=service-770120148073@gcf-admin-robot.iam.gserviceaccount.com&Expires=1769704171&Signature=hq91LuleDzpoQ35cCfKOgXhEJ8RGEZUjzPmU1HYT9hv3UU5MzN%2Ff7S1NTZ2SwPU59VrGBxIneHdesDDGCWeWPCX%2Bexd5zqcuTeoTiSsJ8JqpV4Pk%2FUj%2BUC5NKWLASUtQ3DMiZOj546zuCUq84VGQQ653QObNZP19LcRkxjIyB1hLsKZcjVCgLoKBimJHvjM17noAWdwLCcVZRwqLzrbPYr2BIf8bANZEhnCKuOzMdvmJVSJ%2BoMSVJjobrzynZXirAxOSGwwZPGAf0qxXx8BOBBAjMm5FJjPvSCWE3wGq%2Bn8h%2F1CGNDoYJrO1PYVa%2BF%2F88RSbkR7c6wjfCLa8R0hzvw%3D%3D","storageSource":{"bucket":"gcf-v2-uploads-770120148073.us-central1.cloudfunctions.appspot.com","object":"f51eff1d-4a79-40a5-b1f0-19375634c49d.zip"}}
[debug] [2026-01-29T15:59:31.390Z] >>> [apiv2][query] PUT https://storage.googleapis.com/gcf-v2-uploads-770120148073.us-central1.cloudfunctions.appspot.com/f51eff1d-4a79-40a5-b1f0-19375634c49d.zip GoogleAccessId=service-770120148073%40gcf-admin-robot.iam.gserviceaccount.com&Expires=1769704171&Signature=hq91LuleDzpoQ35cCfKOgXhEJ8RGEZUjzPmU1HYT9hv3UU5MzN%2Ff7S1NTZ2SwPU59VrGBxIneHdesDDGCWeWPCX%2Bexd5zqcuTeoTiSsJ8JqpV4Pk%2FUj%2BUC5NKWLASUtQ3DMiZOj546zuCUq84VGQQ653QObNZP19LcRkxjIyB1hLsKZcjVCgLoKBimJHvjM17noAWdwLCcVZRwqLzrbPYr2BIf8bANZEhnCKuOzMdvmJVSJ%2BoMSVJjobrzynZXirAxOSGwwZPGAf0qxXx8BOBBAjMm5FJjPvSCWE3wGq%2Bn8h%2F1CGNDoYJrO1PYVa%2BF%2F88RSbkR7c6wjfCLa8R0hzvw%3D%3D
[debug] [2026-01-29T15:59:31.390Z] >>> [apiv2][body] PUT https://storage.googleapis.com/gcf-v2-uploads-770120148073.us-central1.cloudfunctions.appspot.com/f51eff1d-4a79-40a5-b1f0-19375634c49d.zip [stream]
